<?xml version="1.0" encoding="UTF-8" ?>
<testsuite failures="0" time="0.551" errors="0" skipped="0" tests="3" name="com.anucana.value.objects.UserProfileTest">
  <properties>
[...]
</properties>
  <testcase time="0.346" classname="com.anucana.value.objects.UserProfileTest" name="validateProfileHeading"/>
  <testcase time="0.001" classname="com.anucana.value.objects.UserProfileTest" name="validateSummary"/>
  <testcase time="0.004" classname="com.anucana.value.objects.UserProfileTest" name="validateSummaryForValidCharacters"/>
</testsuite>